C:\USERS\JOSEPH\DOCUMENTS\VISUAL STUDIO 2012\PROJECTS\ANATB\ANATB\DEBUG\COMMANDS.OBJ
C:\USERS\JOSEPH\DOCUMENTS\VISUAL STUDIO 2012\PROJECTS\ANATB\ANATB\DEBUG\ENGINE.OBJ
C:\USERS\JOSEPH\DOCUMENTS\VISUAL STUDIO 2012\PROJECTS\ANATB\ANATB\DEBUG\GAMEWORLD.OBJ
C:\USERS\JOSEPH\DOCUMENTS\VISUAL STUDIO 2012\PROJECTS\ANATB\ANATB\DEBUG\INTERFACE.OBJ
C:\USERS\JOSEPH\DOCUMENTS\VISUAL STUDIO 2012\PROJECTS\ANATB\ANATB\DEBUG\PLAYER.OBJ
C:\USERS\JOSEPH\DOCUMENTS\VISUAL STUDIO 2012\PROJECTS\ANATB\ANATB\DEBUG\SCREENOUTPUT.OBJ
C:\USERS\JOSEPH\DOCUMENTS\VISUAL STUDIO 2012\PROJECTS\ANATB\ANATB\DEBUG\VC110.PDB
C:\USERS\JOSEPH\DOCUMENTS\VISUAL STUDIO 2012\PROJECTS\ANATB\DEBUG\ANATB.ILK
C:\USERS\JOSEPH\DOCUMENTS\VISUAL STUDIO 2012\PROJECTS\ANATB\DEBUG\ANATB.EXE
C:\USERS\JOSEPH\DOCUMENTS\VISUAL STUDIO 2012\PROJECTS\ANATB\DEBUG\ANATB.PDB
C:\Users\Joseph\documents\visual studio 2012\Projects\ANATB\ANATB\Debug\commands.obj
C:\Users\Joseph\documents\visual studio 2012\Projects\ANATB\ANATB\Debug\engine.obj
C:\Users\Joseph\documents\visual studio 2012\Projects\ANATB\ANATB\Debug\gameWorld.obj
C:\Users\Joseph\documents\visual studio 2012\Projects\ANATB\ANATB\Debug\interface.obj
C:\Users\Joseph\documents\visual studio 2012\Projects\ANATB\ANATB\Debug\player.obj
C:\Users\Joseph\documents\visual studio 2012\Projects\ANATB\ANATB\Debug\screenOutput.obj
C:\Users\Joseph\documents\visual studio 2012\Projects\ANATB\ANATB\Debug\cl.command.1.tlog
C:\Users\Joseph\documents\visual studio 2012\Projects\ANATB\ANATB\Debug\CL.read.1.tlog
C:\Users\Joseph\documents\visual studio 2012\Projects\ANATB\ANATB\Debug\CL.write.1.tlog
C:\Users\Joseph\documents\visual studio 2012\Projects\ANATB\ANATB\Debug\link-cvtres.read.1.tlog
C:\Users\Joseph\documents\visual studio 2012\Projects\ANATB\ANATB\Debug\link-cvtres.write.1.tlog
C:\Users\Joseph\documents\visual studio 2012\Projects\ANATB\ANATB\Debug\link-rc.read.1.tlog
C:\Users\Joseph\documents\visual studio 2012\Projects\ANATB\ANATB\Debug\link-rc.write.1.tlog
C:\Users\Joseph\documents\visual studio 2012\Projects\ANATB\ANATB\Debug\link.10852-cvtres.read.1.tlog
C:\Users\Joseph\documents\visual studio 2012\Projects\ANATB\ANATB\Debug\link.10852-cvtres.write.1.tlog
C:\Users\Joseph\documents\visual studio 2012\Projects\ANATB\ANATB\Debug\link.10852-rc.read.1.tlog
C:\Users\Joseph\documents\visual studio 2012\Projects\ANATB\ANATB\Debug\link.10852-rc.write.1.tlog
C:\Users\Joseph\documents\visual studio 2012\Projects\ANATB\ANATB\Debug\link.10852.read.1.tlog
C:\Users\Joseph\documents\visual studio 2012\Projects\ANATB\ANATB\Debug\link.10852.write.1.tlog
C:\Users\Joseph\documents\visual studio 2012\Projects\ANATB\ANATB\Debug\link.11568-cvtres.read.1.tlog
C:\Users\Joseph\documents\visual studio 2012\Projects\ANATB\ANATB\Debug\link.11568-cvtres.write.1.tlog
C:\Users\Joseph\documents\visual studio 2012\Projects\ANATB\ANATB\Debug\link.11568-rc.read.1.tlog
C:\Users\Joseph\documents\visual studio 2012\Projects\ANATB\ANATB\Debug\link.11568-rc.write.1.tlog
C:\Users\Joseph\documents\visual studio 2012\Projects\ANATB\ANATB\Debug\link.11568.read.1.tlog
C:\Users\Joseph\documents\visual studio 2012\Projects\ANATB\ANATB\Debug\link.11568.write.1.tlog
C:\Users\Joseph\documents\visual studio 2012\Projects\ANATB\ANATB\Debug\link.11636-cvtres.read.1.tlog
C:\Users\Joseph\documents\visual studio 2012\Projects\ANATB\ANATB\Debug\link.11636-cvtres.write.1.tlog
C:\Users\Joseph\documents\visual studio 2012\Projects\ANATB\ANATB\Debug\link.11636-rc.read.1.tlog
C:\Users\Joseph\documents\visual studio 2012\Projects\ANATB\ANATB\Debug\link.11636-rc.write.1.tlog
C:\Users\Joseph\documents\visual studio 2012\Projects\ANATB\ANATB\Debug\link.11636.read.1.tlog
C:\Users\Joseph\documents\visual studio 2012\Projects\ANATB\ANATB\Debug\link.11636.write.1.tlog
C:\Users\Joseph\documents\visual studio 2012\Projects\ANATB\ANATB\Debug\link.11736-cvtres.read.1.tlog
C:\Users\Joseph\documents\visual studio 2012\Projects\ANATB\ANATB\Debug\link.11736-cvtres.write.1.tlog
C:\Users\Joseph\documents\visual studio 2012\Projects\ANATB\ANATB\Debug\link.11736-rc.read.1.tlog
C:\Users\Joseph\documents\visual studio 2012\Projects\ANATB\ANATB\Debug\link.11736-rc.write.1.tlog
C:\Users\Joseph\documents\visual studio 2012\Projects\ANATB\ANATB\Debug\link.11736.read.1.tlog
C:\Users\Joseph\documents\visual studio 2012\Projects\ANATB\ANATB\Debug\link.11736.write.1.tlog
C:\Users\Joseph\documents\visual studio 2012\Projects\ANATB\ANATB\Debug\link.13700-cvtres.read.1.tlog
C:\Users\Joseph\documents\visual studio 2012\Projects\ANATB\ANATB\Debug\link.13700-cvtres.write.1.tlog
C:\Users\Joseph\documents\visual studio 2012\Projects\ANATB\ANATB\Debug\link.13700-rc.read.1.tlog
C:\Users\Joseph\documents\visual studio 2012\Projects\ANATB\ANATB\Debug\link.13700-rc.write.1.tlog
C:\Users\Joseph\documents\visual studio 2012\Projects\ANATB\ANATB\Debug\link.13700.read.1.tlog
C:\Users\Joseph\documents\visual studio 2012\Projects\ANATB\ANATB\Debug\link.13700.write.1.tlog
C:\Users\Joseph\documents\visual studio 2012\Projects\ANATB\ANATB\Debug\link.13740-cvtres.read.1.tlog
C:\Users\Joseph\documents\visual studio 2012\Projects\ANATB\ANATB\Debug\link.13740-cvtres.write.1.tlog
C:\Users\Joseph\documents\visual studio 2012\Projects\ANATB\ANATB\Debug\link.13740-rc.read.1.tlog
C:\Users\Joseph\documents\visual studio 2012\Projects\ANATB\ANATB\Debug\link.13740-rc.write.1.tlog
C:\Users\Joseph\documents\visual studio 2012\Projects\ANATB\ANATB\Debug\link.13740.read.1.tlog
C:\Users\Joseph\documents\visual studio 2012\Projects\ANATB\ANATB\Debug\link.13740.write.1.tlog
C:\Users\Joseph\documents\visual studio 2012\Projects\ANATB\ANATB\Debug\link.14324-cvtres.read.1.tlog
C:\Users\Joseph\documents\visual studio 2012\Projects\ANATB\ANATB\Debug\link.14324-cvtres.write.1.tlog
C:\Users\Joseph\documents\visual studio 2012\Projects\ANATB\ANATB\Debug\link.14324-rc.read.1.tlog
C:\Users\Joseph\documents\visual studio 2012\Projects\ANATB\ANATB\Debug\link.14324-rc.write.1.tlog
C:\Users\Joseph\documents\visual studio 2012\Projects\ANATB\ANATB\Debug\link.14324.read.1.tlog
C:\Users\Joseph\documents\visual studio 2012\Projects\ANATB\ANATB\Debug\link.14324.write.1.tlog
C:\Users\Joseph\documents\visual studio 2012\Projects\ANATB\ANATB\Debug\link.2360-cvtres.read.1.tlog
C:\Users\Joseph\documents\visual studio 2012\Projects\ANATB\ANATB\Debug\link.2360-cvtres.write.1.tlog
C:\Users\Joseph\documents\visual studio 2012\Projects\ANATB\ANATB\Debug\link.2360-rc.read.1.tlog
C:\Users\Joseph\documents\visual studio 2012\Projects\ANATB\ANATB\Debug\link.2360-rc.write.1.tlog
C:\Users\Joseph\documents\visual studio 2012\Projects\ANATB\ANATB\Debug\link.2360.read.1.tlog
C:\Users\Joseph\documents\visual studio 2012\Projects\ANATB\ANATB\Debug\link.2360.write.1.tlog
C:\Users\Joseph\documents\visual studio 2012\Projects\ANATB\ANATB\Debug\link.2608-cvtres.read.1.tlog
C:\Users\Joseph\documents\visual studio 2012\Projects\ANATB\ANATB\Debug\link.2608-cvtres.write.1.tlog
C:\Users\Joseph\documents\visual studio 2012\Projects\ANATB\ANATB\Debug\link.2608-rc.read.1.tlog
C:\Users\Joseph\documents\visual studio 2012\Projects\ANATB\ANATB\Debug\link.2608-rc.write.1.tlog
C:\Users\Joseph\documents\visual studio 2012\Projects\ANATB\ANATB\Debug\link.2608.read.1.tlog
C:\Users\Joseph\documents\visual studio 2012\Projects\ANATB\ANATB\Debug\link.2608.write.1.tlog
C:\Users\Joseph\documents\visual studio 2012\Projects\ANATB\ANATB\Debug\link.2764-cvtres.read.1.tlog
C:\Users\Joseph\documents\visual studio 2012\Projects\ANATB\ANATB\Debug\link.2764-cvtres.write.1.tlog
C:\Users\Joseph\documents\visual studio 2012\Projects\ANATB\ANATB\Debug\link.2764-rc.read.1.tlog
C:\Users\Joseph\documents\visual studio 2012\Projects\ANATB\ANATB\Debug\link.2764-rc.write.1.tlog
C:\Users\Joseph\documents\visual studio 2012\Projects\ANATB\ANATB\Debug\link.2764.read.1.tlog
C:\Users\Joseph\documents\visual studio 2012\Projects\ANATB\ANATB\Debug\link.2764.write.1.tlog
C:\Users\Joseph\documents\visual studio 2012\Projects\ANATB\ANATB\Debug\link.3328-cvtres.read.1.tlog
C:\Users\Joseph\documents\visual studio 2012\Projects\ANATB\ANATB\Debug\link.3328-cvtres.write.1.tlog
C:\Users\Joseph\documents\visual studio 2012\Projects\ANATB\ANATB\Debug\link.3328-rc.read.1.tlog
C:\Users\Joseph\documents\visual studio 2012\Projects\ANATB\ANATB\Debug\link.3328-rc.write.1.tlog
C:\Users\Joseph\documents\visual studio 2012\Projects\ANATB\ANATB\Debug\link.3328.read.1.tlog
C:\Users\Joseph\documents\visual studio 2012\Projects\ANATB\ANATB\Debug\link.3328.write.1.tlog
C:\Users\Joseph\documents\visual studio 2012\Projects\ANATB\ANATB\Debug\link.4488-cvtres.read.1.tlog
C:\Users\Joseph\documents\visual studio 2012\Projects\ANATB\ANATB\Debug\link.4488-cvtres.write.1.tlog
C:\Users\Joseph\documents\visual studio 2012\Projects\ANATB\ANATB\Debug\link.4488-rc.read.1.tlog
C:\Users\Joseph\documents\visual studio 2012\Projects\ANATB\ANATB\Debug\link.4488-rc.write.1.tlog
C:\Users\Joseph\documents\visual studio 2012\Projects\ANATB\ANATB\Debug\link.4488.read.1.tlog
C:\Users\Joseph\documents\visual studio 2012\Projects\ANATB\ANATB\Debug\link.4488.write.1.tlog
C:\Users\Joseph\documents\visual studio 2012\Projects\ANATB\ANATB\Debug\link.5160-cvtres.read.1.tlog
C:\Users\Joseph\documents\visual studio 2012\Projects\ANATB\ANATB\Debug\link.5160-cvtres.write.1.tlog
C:\Users\Joseph\documents\visual studio 2012\Projects\ANATB\ANATB\Debug\link.5160-rc.read.1.tlog
C:\Users\Joseph\documents\visual studio 2012\Projects\ANATB\ANATB\Debug\link.5160-rc.write.1.tlog
C:\Users\Joseph\documents\visual studio 2012\Projects\ANATB\ANATB\Debug\link.5160.read.1.tlog
C:\Users\Joseph\documents\visual studio 2012\Projects\ANATB\ANATB\Debug\link.5160.write.1.tlog
C:\Users\Joseph\documents\visual studio 2012\Projects\ANATB\ANATB\Debug\link.5880-cvtres.read.1.tlog
C:\Users\Joseph\documents\visual studio 2012\Projects\ANATB\ANATB\Debug\link.5880-cvtres.write.1.tlog
C:\Users\Joseph\documents\visual studio 2012\Projects\ANATB\ANATB\Debug\link.5880-rc.read.1.tlog
C:\Users\Joseph\documents\visual studio 2012\Projects\ANATB\ANATB\Debug\link.5880-rc.write.1.tlog
C:\Users\Joseph\documents\visual studio 2012\Projects\ANATB\ANATB\Debug\link.5880.read.1.tlog
C:\Users\Joseph\documents\visual studio 2012\Projects\ANATB\ANATB\Debug\link.5880.write.1.tlog
C:\Users\Joseph\documents\visual studio 2012\Projects\ANATB\ANATB\Debug\link.6712-cvtres.read.1.tlog
C:\Users\Joseph\documents\visual studio 2012\Projects\ANATB\ANATB\Debug\link.6712-cvtres.write.1.tlog
C:\Users\Joseph\documents\visual studio 2012\Projects\ANATB\ANATB\Debug\link.6712-rc.read.1.tlog
C:\Users\Joseph\documents\visual studio 2012\Projects\ANATB\ANATB\Debug\link.6712-rc.write.1.tlog
C:\Users\Joseph\documents\visual studio 2012\Projects\ANATB\ANATB\Debug\link.6712.read.1.tlog
C:\Users\Joseph\documents\visual studio 2012\Projects\ANATB\ANATB\Debug\link.6712.write.1.tlog
C:\Users\Joseph\documents\visual studio 2012\Projects\ANATB\ANATB\Debug\link.7196-cvtres.read.1.tlog
C:\Users\Joseph\documents\visual studio 2012\Projects\ANATB\ANATB\Debug\link.7196-cvtres.write.1.tlog
C:\Users\Joseph\documents\visual studio 2012\Projects\ANATB\ANATB\Debug\link.7196-rc.read.1.tlog
C:\Users\Joseph\documents\visual studio 2012\Projects\ANATB\ANATB\Debug\link.7196-rc.write.1.tlog
C:\Users\Joseph\documents\visual studio 2012\Projects\ANATB\ANATB\Debug\link.7196.read.1.tlog
C:\Users\Joseph\documents\visual studio 2012\Projects\ANATB\ANATB\Debug\link.7196.write.1.tlog
C:\Users\Joseph\documents\visual studio 2012\Projects\ANATB\ANATB\Debug\link.8368-cvtres.read.1.tlog
C:\Users\Joseph\documents\visual studio 2012\Projects\ANATB\ANATB\Debug\link.8368-cvtres.write.1.tlog
C:\Users\Joseph\documents\visual studio 2012\Projects\ANATB\ANATB\Debug\link.8368-rc.read.1.tlog
C:\Users\Joseph\documents\visual studio 2012\Projects\ANATB\ANATB\Debug\link.8368-rc.write.1.tlog
C:\Users\Joseph\documents\visual studio 2012\Projects\ANATB\ANATB\Debug\link.8368.read.1.tlog
C:\Users\Joseph\documents\visual studio 2012\Projects\ANATB\ANATB\Debug\link.8368.write.1.tlog
C:\Users\Joseph\documents\visual studio 2012\Projects\ANATB\ANATB\Debug\link.9996-cvtres.read.1.tlog
C:\Users\Joseph\documents\visual studio 2012\Projects\ANATB\ANATB\Debug\link.9996-cvtres.write.1.tlog
C:\Users\Joseph\documents\visual studio 2012\Projects\ANATB\ANATB\Debug\link.9996-rc.read.1.tlog
C:\Users\Joseph\documents\visual studio 2012\Projects\ANATB\ANATB\Debug\link.9996-rc.write.1.tlog
C:\Users\Joseph\documents\visual studio 2012\Projects\ANATB\ANATB\Debug\link.9996.read.1.tlog
C:\Users\Joseph\documents\visual studio 2012\Projects\ANATB\ANATB\Debug\link.9996.write.1.tlog
C:\Users\Joseph\documents\visual studio 2012\Projects\ANATB\ANATB\Debug\link.command.1.tlog
C:\Users\Joseph\documents\visual studio 2012\Projects\ANATB\ANATB\Debug\link.read.1.tlog
C:\Users\Joseph\documents\visual studio 2012\Projects\ANATB\ANATB\Debug\link.write.1.tlog
C:\Users\Joseph\documents\visual studio 2012\Projects\ANATB\ANATB\Debug\vc110.idb
C:\Users\Joseph\documents\visual studio 2012\Projects\ANATB\ANATB\Debug\vc110.pdb
C:\Users\Joseph\documents\visual studio 2012\Projects\ANATB\Debug\ANATB.pdb
C:\Users\Joseph\documents\visual studio 2012\Projects\ANATB\Debug\ANATB.exe
C:\Users\Joseph\documents\visual studio 2012\Projects\ANATB\Debug\ANATB.ilk
